<?xml version="1.0" encoding="UTF-8"?>
<testsuite xmlns:xsi="http://www.w3.org/2001/XMLSchema-instance" xsi:noNamespaceSchemaLocation="https://maven.apache.org/surefire/maven-surefire-plugin/xsd/surefire-test-report-3.0.xsd" version="3.0" name="PostsApiTest" time="6.368" tests="6" errors="0" skipped="0" failures="0">
  <properties>
[...]
</properties>
  <testcase name="getAllGrids_returns200AndList" classname="PostsApiTest" time="2.888"/>
  <testcase name="getGridById_returnsCorrectGrid" classname="PostsApiTest" time="1.816"/>
  <testcase name="getPersonById_returnsCorrectPerson" classname="PostsApiTest" time="0.212"/>
  <testcase name="getGridById_returns404WhenNotFound" classname="PostsApiTest" time="0.101"/>
  <testcase name="getPersonById_returns404WhenNotFound" classname="PostsApiTest" time="0.048"/>
  <testcase name="getAllPersons_returns200AndList" classname="PostsApiTest" time="0.038"/>
</testsuite>